This file contains any messages produced by compilers while
running configure, to aid debugging if configure makes a mistake.

It was created by php-tesseract configure 0.3, which was
generated by GNU Autoconf 2.68.  Invocation command line was

  $ ./configure --prefix=/usr --no-create --no-recursion

## --------- ##
## Platform. ##
## --------- ##

hostname = eli-M90
uname -m = x86_64
uname -r = 3.2.0-24-generic
uname -s = Linux
uname -v = #37-Ubuntu SMP Wed Apr 25 08:43:22 UTC 2012

/usr/bin/uname -p = unknown
/bin/uname -X     = unknown

/bin/arch              = unknown
/usr/bin/arch -k       = unknown
/usr/convex/getsysinfo = unknown
/usr/bin/hostinfo      = unknown
/bin/machine           = unknown
/usr/bin/oslevel       = unknown
/bin/universe          = unknown

PATH: /var/lib/dropbox/.dropbox-dist
PATH: /usr/lib/lightdm/lightdm
PATH: /usr/local/sbin
PATH: /usr/local/bin
PATH: /usr/sbin
PATH: /usr/bin
PATH: /sbin
PATH: /bin
PATH: /usr/games
PATH: /home/eli/.bin


## ----------- ##
## Core tests. ##
## ----------- ##

configure:2471: checking for a BSD-compatible install
configure:2539: result: /usr/bin/install -c
configure:2550: checking whether build environment is sane
configure:2600: result: yes
configure:2741: checking for a thread-safe mkdir -p
configure:2780: result: /bin/mkdir -p
configure:2793: checking for gawk
configure:2823: result: no
configure:2793: checking for mawk
configure:2809: found /usr/bin/mawk
configure:2820: result: mawk
configure:2831: checking whether make sets $(MAKE)
configure:2853: result: yes
configure:2971: checking build system type
configure:2985: result: x86_64-unknown-linux-gnu
configure:3005: checking host system type
configure:3018: result: x86_64-unknown-linux-gnu
configure:3059: checking how to print strings
configure:3086: result: printf
configure:3119: checking for style of include used by make
configure:3147: result: GNU
configure:3218: checking for gcc
configure:3234: found /usr/bin/gcc
configure:3245: result: gcc
configure:3474: checking for C compiler version
configure:3483: gcc --version >&5
gcc (Ubuntu/Linaro 4.6.3-1ubuntu5) 4.6.3
Copyright (C) 2011 Free Software Foundation, Inc.
This is free software; see the source for copying conditions.  There is NO
warranty; not even for MERCHANTABILITY or FITNESS FOR A PARTICULAR PURPOSE.

configure:3494: $? = 0
configure:3483: gcc -v >&5
Using built-in specs.
COLLECT_GCC=gcc
COLLECT_LTO_WRAPPER=/usr/lib/gcc/x86_64-linux-gnu/4.6/lto-wrapper
Target: x86_64-linux-gnu
Configured with: ../src/configure -v --with-pkgversion='Ubuntu/Linaro 4.6.3-1ubuntu5' --with-bugurl=file:///usr/share/doc/gcc-4.6/README.Bugs --enable-languages=c,c++,fortran,objc,obj-c++ --prefix=/usr --program-suffix=-4.6 --enable-shared --enable-linker-build-id --with-system-zlib --libexecdir=/usr/lib --without-included-gettext --enable-threads=posix --with-gxx-include-dir=/usr/include/c++/4.6 --libdir=/usr/lib --enable-nls --with-sysroot=/ --enable-clocale=gnu --enable-libstdcxx-debug --enable-libstdcxx-time=yes --enable-gnu-unique-object --enable-plugin --enable-objc-gc --disable-werror --with-arch-32=i686 --with-tune=generic --enable-checking=release --build=x86_64-linux-gnu --host=x86_64-linux-gnu --target=x86_64-linux-gnu
Thread model: posix
gcc version 4.6.3 (Ubuntu/Linaro 4.6.3-1ubuntu5) 
configure:3494: $? = 0
configure:3483: gcc -V >&5
gcc: error: unrecognized option '-V'
gcc: fatal error: no input files
compilation terminated.
configure:3494: $? = 4
configure:3483: gcc -qversion >&5
gcc: error: unrecognized option '-qversion'
gcc: fatal error: no input files
compilation terminated.
configure:3494: $? = 4
configure:3514: checking whether the C compiler works
configure:3536: gcc    conftest.c  >&5
configure:3540: $? = 0
configure:3588: result: yes
configure:3591: checking for C compiler default output file name
configure:3593: result: a.out
configure:3599: checking for suffix of executables
configure:3606: gcc -o conftest    conftest.c  >&5
configure:3610: $? = 0
configure:3632: result: 
configure:3654: checking whether we are cross compiling
configure:3662: gcc -o conftest    conftest.c  >&5
configure:3666: $? = 0
configure:3673: ./conftest
configure:3677: $? = 0
configure:3692: result: no
configure:3697: checking for suffix of object files
configure:3719: gcc -c   conftest.c >&5
configure:3723: $? = 0
configure:3744: result: o
configure:3748: checking whether we are using the GNU C compiler
configure:3767: gcc -c   conftest.c >&5
configure:3767: $? = 0
configure:3776: result: yes
configure:3785: checking whether gcc accepts -g
configure:3805: gcc -c -g  conftest.c >&5
configure:3805: $? = 0
configure:3846: result: yes
configure:3863: checking for gcc option to accept ISO C89
configure:3927: gcc  -c -g -O2  conftest.c >&5
configure:3927: $? = 0
configure:3940: result: none needed
configure:3962: checking dependency style of gcc
configure:4073: result: gcc3
configure:4088: checking for a sed that does not truncate output
configure:4152: result: /bin/sed
configure:4170: checking for grep that handles long lines and -e
configure:4228: result: /bin/grep
configure:4233: checking for egrep
configure:4295: result: /bin/grep -E
configure:4300: checking for fgrep
configure:4362: result: /bin/grep -F
configure:4397: checking for ld used by gcc
configure:4464: result: /usr/bin/ld
configure:4471: checking if the linker (/usr/bin/ld) is GNU ld
configure:4486: result: yes
configure:4498: checking for BSD- or MS-compatible name lister (nm)
configure:4547: result: /usr/bin/nm -B
configure:4677: checking the name lister (/usr/bin/nm -B) interface
configure:4684: gcc -c -g -O2  conftest.c >&5
configure:4687: /usr/bin/nm -B "conftest.o"
configure:4690: output
0000000000000000 B some_variable
configure:4697: result: BSD nm
configure:4700: checking whether ln -s works
configure:4704: result: yes
configure:4712: checking the maximum length of command line arguments
configure:4842: result: 3458764513820540925
configure:4859: checking whether the shell understands some XSI constructs
configure:4869: result: yes
configure:4873: checking whether the shell understands "+="
configure:4879: result: yes
configure:4914: checking how to convert x86_64-unknown-linux-gnu file names to x86_64-unknown-linux-gnu format
configure:4954: result: func_convert_file_noop
configure:4961: checking how to convert x86_64-unknown-linux-gnu file names to toolchain format
configure:4981: result: func_convert_file_noop
configure:4988: checking for /usr/bin/ld option to reload object files
configure:4995: result: -r
configure:5069: checking for objdump
configure:5085: found /usr/bin/objdump
configure:5096: result: objdump
configure:5128: checking how to recognize dependent libraries
configure:5330: result: pass_all
configure:5415: checking for dlltool
configure:5445: result: no
configure:5475: checking how to associate runtime and link libraries
configure:5502: result: printf %s\n
configure:5563: checking for ar
configure:5579: found /usr/bin/ar
configure:5590: result: ar
configure:5627: checking for archiver @FILE support
configure:5644: gcc -c -g -O2  conftest.c >&5
configure:5644: $? = 0
configure:5647: ar cru libconftest.a @conftest.lst >&5
configure:5650: $? = 0
configure:5655: ar cru libconftest.a @conftest.lst >&5
ar: conftest.o: No such file or directory
configure:5658: $? = 1
configure:5670: result: @
configure:5728: checking for strip
configure:5744: found /usr/bin/strip
configure:5755: result: strip
configure:5827: checking for ranlib
configure:5843: found /usr/bin/ranlib
configure:5854: result: ranlib
configure:5956: checking command to parse /usr/bin/nm -B output from gcc object
configure:6076: gcc -c -g -O2  conftest.c >&5
configure:6079: $? = 0
configure:6083: /usr/bin/nm -B conftest.o \| sed -n -e 's/^.*[ ]\([ABCDGIRSTW][ABCDGIRSTW]*\)[ ][ ]*\([_A-Za-z][_A-Za-z0-9]*\)$/\1 \2 \2/p' | sed '/ __gnu_lto/d' \> conftest.nm
configure:6086: $? = 0
configure:6152: gcc -o conftest -g -O2   conftest.c conftstm.o >&5
configure:6155: $? = 0
configure:6193: result: ok
configure:6230: checking for sysroot
configure:6260: result: no
configure:6337: gcc -c -g -O2  conftest.c >&5
configure:6340: $? = 0
configure:6516: checking for mt
configure:6532: found /bin/mt
configure:6543: result: mt
configure:6566: checking if mt is a manifest tool
configure:6572: mt '-?'
configure:6580: result: no
configure:7222: checking how to run the C preprocessor
configure:7253: gcc -E  conftest.c
configure:7253: $? = 0
configure:7267: gcc -E  conftest.c
conftest.c:11:28: fatal error: ac_nonexistent.h: No such file or directory
compilation terminated.
configure:7267: $? = 1
configure: failed program was:
| /* confdefs.h */
| #define PACKAGE_NAME "php-tesseract"
| #define PACKAGE_TARNAME "php-tesseract"
| #define PACKAGE_VERSION "0.3"
| #define PACKAGE_STRING "php-tesseract 0.3"
| #define PACKAGE_BUGREPORT "freetogo@gmail.com"
| #define PACKAGE_URL ""
| #define PACKAGE "php-tesseract"
| #define VERSION "0.3"
| /* end confdefs.h.  */
| #include <ac_nonexistent.h>
configure:7292: result: gcc -E
configure:7312: gcc -E  conftest.c
configure:7312: $? = 0
configure:7326: gcc -E  conftest.c
conftest.c:11:28: fatal error: ac_nonexistent.h: No such file or directory
compilation terminated.
configure:7326: $? = 1
configure: failed program was:
| /* confdefs.h */
| #define PACKAGE_NAME "php-tesseract"
| #define PACKAGE_TARNAME "php-tesseract"
| #define PACKAGE_VERSION "0.3"
| #define PACKAGE_STRING "php-tesseract 0.3"
| #define PACKAGE_BUGREPORT "freetogo@gmail.com"
| #define PACKAGE_URL ""
| #define PACKAGE "php-tesseract"
| #define VERSION "0.3"
| /* end confdefs.h.  */
| #include <ac_nonexistent.h>
configure:7355: checking for ANSI C header files
configure:7375: gcc -c -g -O2  conftest.c >&5
configure:7375: $? = 0
configure:7448: gcc -o conftest -g -O2   conftest.c  >&5
configure:7448: $? = 0
configure:7448: ./conftest
configure:7448: $? = 0
configure:7459: result: yes
configure:7472: checking for sys/types.h
configure:7472: gcc -c -g -O2  conftest.c >&5
configure:7472: $? = 0
configure:7472: result: yes
configure:7472: checking for sys/stat.h
configure:7472: gcc -c -g -O2  conftest.c >&5
configure:7472: $? = 0
configure:7472: result: yes
configure:7472: checking for stdlib.h
configure:7472: gcc -c -g -O2  conftest.c >&5
configure:7472: $? = 0
configure:7472: result: yes
configure:7472: checking for string.h
configure:7472: gcc -c -g -O2  conftest.c >&5
configure:7472: $? = 0
configure:7472: result: yes
configure:7472: checking for memory.h
configure:7472: gcc -c -g -O2  conftest.c >&5
configure:7472: $? = 0
configure:7472: result: yes
configure:7472: checking for strings.h
configure:7472: gcc -c -g -O2  conftest.c >&5
configure:7472: $? = 0
configure:7472: result: yes
configure:7472: checking for inttypes.h
configure:7472: gcc -c -g -O2  conftest.c >&5
configure:7472: $? = 0
configure:7472: result: yes
configure:7472: checking for stdint.h
configure:7472: gcc -c -g -O2  conftest.c >&5
configure:7472: $? = 0
configure:7472: result: yes
configure:7472: checking for unistd.h
configure:7472: gcc -c -g -O2  conftest.c >&5
configure:7472: $? = 0
configure:7472: result: yes
configure:7486: checking for dlfcn.h
configure:7486: gcc -c -g -O2  conftest.c >&5
configure:7486: $? = 0
configure:7486: result: yes
configure:7690: checking for objdir
configure:7705: result: .libs
configure:7972: checking if gcc supports -fno-rtti -fno-exceptions
configure:7990: gcc -c -g -O2  -fno-rtti -fno-exceptions conftest.c >&5
cc1: warning: command line option '-fno-rtti' is valid for C++/ObjC++ but not for C [enabled by default]
configure:7994: $? = 0
configure:8007: result: no
configure:8334: checking for gcc option to produce PIC
configure:8341: result: -fPIC -DPIC
configure:8349: checking if gcc PIC flag -fPIC -DPIC works
configure:8367: gcc -c -g -O2  -fPIC -DPIC -DPIC conftest.c >&5
configure:8371: $? = 0
configure:8384: result: yes
configure:8413: checking if gcc static flag -static works
configure:8441: result: yes
configure:8456: checking if gcc supports -c -o file.o
configure:8477: gcc -c -g -O2  -o out/conftest2.o conftest.c >&5
configure:8481: $? = 0
configure:8503: result: yes
configure:8511: checking if gcc supports -c -o file.o
configure:8558: result: yes
configure:8591: checking whether the gcc linker (/usr/bin/ld -m elf_x86_64) supports shared libraries
configure:9748: result: yes
configure:9785: checking whether -lc should be explicitly linked in
configure:9793: gcc -c -g -O2  conftest.c >&5
configure:9796: $? = 0
configure:9811: gcc -shared  -fPIC -DPIC conftest.o  -v -Wl,-soname -Wl,conftest -o conftest 2\>\&1 \| /bin/grep  -lc  \>/dev/null 2\>\&1
configure:9814: $? = 0
configure:9828: result: no
configure:9988: checking dynamic linker characteristics
configure:10499: gcc -o conftest -g -O2   -Wl,-rpath -Wl,/foo conftest.c  >&5
configure:10499: $? = 0
configure:10733: result: GNU/Linux ld.so
configure:10840: checking how to hardcode library paths into programs
configure:10865: result: immediate
configure:10959: checking for shl_load
configure:10959: gcc -o conftest -g -O2   conftest.c  >&5
/tmp/ccdDlQoY.o: In function `main':
/home/eli/svn/php-tesseract/conftest.c:57: undefined reference to `shl_load'
collect2: ld returned 1 exit status
configure:10959: $? = 1
configure: failed program was:
| /* confdefs.h */
| #define PACKAGE_NAME "php-tesseract"
| #define PACKAGE_TARNAME "php-tesseract"
| #define PACKAGE_VERSION "0.3"
| #define PACKAGE_STRING "php-tesseract 0.3"
| #define PACKAGE_BUGREPORT "freetogo@gmail.com"
| #define PACKAGE_URL ""
| #define PACKAGE "php-tesseract"
| #define VERSION "0.3"
| #define STDC_HEADERS 1
| #define HAVE_SYS_TYPES_H 1
| #define HAVE_SYS_STAT_H 1
| #define HAVE_STDLIB_H 1
| #define HAVE_STRING_H 1
| #define HAVE_MEMORY_H 1
| #define HAVE_STRINGS_H 1
| #define HAVE_INTTYPES_H 1
| #define HAVE_STDINT_H 1
| #define HAVE_UNISTD_H 1
| #define HAVE_DLFCN_H 1
| #define LT_OBJDIR ".libs/"
| /* end confdefs.h.  */
| /* Define shl_load to an innocuous variant, in case <limits.h> declares shl_load.
|    For example, HP-UX 11i <limits.h> declares gettimeofday.  */
| #define shl_load innocuous_shl_load
| 
| /* System header to define __stub macros and hopefully few prototypes,
|     which can conflict with char shl_load (); below.
|     Prefer <limits.h> to <assert.h> if __STDC__ is defined, since
|     <limits.h> exists even on freestanding compilers.  */
| 
| #ifdef __STDC__
| # include <limits.h>
| #else
| # include <assert.h>
| #endif
| 
| #undef shl_load
| 
| /* Override any GCC internal prototype to avoid an error.
|    Use char because int might match the return type of a GCC
|    builtin and then its argument prototype would still apply.  */
| #ifdef __cplusplus
| extern "C"
| #endif
| char shl_load ();
| /* The GNU C library defines this for functions which it implements
|     to always fail with ENOSYS.  Some functions are actually named
|     something starting with __ and the normal name is an alias.  */
| #if defined __stub_shl_load || defined __stub___shl_load
| choke me
| #endif
| 
| int
| main ()
| {
| return shl_load ();
|   ;
|   return 0;
| }
configure:10959: result: no
configure:10963: checking for shl_load in -ldld
configure:10988: gcc -o conftest -g -O2   conftest.c -ldld   >&5
/usr/bin/ld: cannot find -ldld
collect2: ld returned 1 exit status
configure:10988: $? = 1
configure: failed program was:
| /* confdefs.h */
| #define PACKAGE_NAME "php-tesseract"
| #define PACKAGE_TARNAME "php-tesseract"
| #define PACKAGE_VERSION "0.3"
| #define PACKAGE_STRING "php-tesseract 0.3"
| #define PACKAGE_BUGREPORT "freetogo@gmail.com"
| #define PACKAGE_URL ""
| #define PACKAGE "php-tesseract"
| #define VERSION "0.3"
| #define STDC_HEADERS 1
| #define HAVE_SYS_TYPES_H 1
| #define HAVE_SYS_STAT_H 1
| #define HAVE_STDLIB_H 1
| #define HAVE_STRING_H 1
| #define HAVE_MEMORY_H 1
| #define HAVE_STRINGS_H 1
| #define HAVE_INTTYPES_H 1
| #define HAVE_STDINT_H 1
| #define HAVE_UNISTD_H 1
| #define HAVE_DLFCN_H 1
| #define LT_OBJDIR ".libs/"
| /* end confdefs.h.  */
| 
| /* Override any GCC internal prototype to avoid an error.
|    Use char because int might match the return type of a GCC
|    builtin and then its argument prototype would still apply.  */
| #ifdef __cplusplus
| extern "C"
| #endif
| char shl_load ();
| int
| main ()
| {
| return shl_load ();
|   ;
|   return 0;
| }
configure:10997: result: no
configure:11002: checking for dlopen
configure:11002: gcc -o conftest -g -O2   conftest.c  >&5
/tmp/cc5xjds5.o: In function `main':
/home/eli/svn/php-tesseract/conftest.c:57: undefined reference to `dlopen'
collect2: ld returned 1 exit status
configure:11002: $? = 1
configure: failed program was:
| /* confdefs.h */
| #define PACKAGE_NAME "php-tesseract"
| #define PACKAGE_TARNAME "php-tesseract"
| #define PACKAGE_VERSION "0.3"
| #define PACKAGE_STRING "php-tesseract 0.3"
| #define PACKAGE_BUGREPORT "freetogo@gmail.com"
| #define PACKAGE_URL ""
| #define PACKAGE "php-tesseract"
| #define VERSION "0.3"
| #define STDC_HEADERS 1
| #define HAVE_SYS_TYPES_H 1
| #define HAVE_SYS_STAT_H 1
| #define HAVE_STDLIB_H 1
| #define HAVE_STRING_H 1
| #define HAVE_MEMORY_H 1
| #define HAVE_STRINGS_H 1
| #define HAVE_INTTYPES_H 1
| #define HAVE_STDINT_H 1
| #define HAVE_UNISTD_H 1
| #define HAVE_DLFCN_H 1
| #define LT_OBJDIR ".libs/"
| /* end confdefs.h.  */
| /* Define dlopen to an innocuous variant, in case <limits.h> declares dlopen.
|    For example, HP-UX 11i <limits.h> declares gettimeofday.  */
| #define dlopen innocuous_dlopen
| 
| /* System header to define __stub macros and hopefully few prototypes,
|     which can conflict with char dlopen (); below.
|     Prefer <limits.h> to <assert.h> if __STDC__ is defined, since
|     <limits.h> exists even on freestanding compilers.  */
| 
| #ifdef __STDC__
| # include <limits.h>
| #else
| # include <assert.h>
| #endif
| 
| #undef dlopen
| 
| /* Override any GCC internal prototype to avoid an error.
|    Use char because int might match the return type of a GCC
|    builtin and then its argument prototype would still apply.  */
| #ifdef __cplusplus
| extern "C"
| #endif
| char dlopen ();
| /* The GNU C library defines this for functions which it implements
|     to always fail with ENOSYS.  Some functions are actually named
|     something starting with __ and the normal name is an alias.  */
| #if defined __stub_dlopen || defined __stub___dlopen
| choke me
| #endif
| 
| int
| main ()
| {
| return dlopen ();
|   ;
|   return 0;
| }
configure:11002: result: no
configure:11006: checking for dlopen in -ldl
configure:11031: gcc -o conftest -g -O2   conftest.c -ldl   >&5
configure:11031: $? = 0
configure:11040: result: yes
configure:11159: checking whether a program can dlopen itself
configure:11239: gcc -o conftest -g -O2  -DHAVE_DLFCN_H  -Wl,--export-dynamic conftest.c -ldl  >&5
configure:11242: $? = 0
configure:11260: result: yes
configure:11265: checking whether a statically linked program can dlopen itself
configure:11345: gcc -o conftest -g -O2  -DHAVE_DLFCN_H  -Wl,--export-dynamic -static conftest.c -ldl  >&5
/tmp/ccVw3yXk.o: In function `main':
/home/eli/svn/php-tesseract/configure:11324: warning: Using 'dlopen' in statically linked applications requires at runtime the shared libraries from the glibc version used for linking
/usr/bin/ld: dynamic STT_GNU_IFUNC symbol `strcmp' with pointer equality in `/usr/lib/gcc/x86_64-linux-gnu/4.6/../../../x86_64-linux-gnu/libc.a(strcmp.o)' can not be used when making an executable; recompile with -fPIE and relink with -pie
collect2: ld returned 1 exit status
configure:11348: $? = 1
configure:11366: result: no
configure:11405: checking whether stripping libraries is possible
configure:11410: result: yes
configure:11445: checking if libtool supports shared libraries
configure:11447: result: yes
configure:11450: checking whether to build shared libraries
configure:11471: result: yes
configure:11474: checking whether to build static libraries
configure:11478: result: yes
configure:11575: checking for g++
configure:11591: found /usr/bin/g++
configure:11602: result: g++
configure:11629: checking for C++ compiler version
configure:11638: g++ --version >&5
g++ (Ubuntu/Linaro 4.6.3-1ubuntu5) 4.6.3
Copyright (C) 2011 Free Software Foundation, Inc.
This is free software; see the source for copying conditions.  There is NO
warranty; not even for MERCHANTABILITY or FITNESS FOR A PARTICULAR PURPOSE.

configure:11649: $? = 0
configure:11638: g++ -v >&5
Using built-in specs.
COLLECT_GCC=g++
COLLECT_LTO_WRAPPER=/usr/lib/gcc/x86_64-linux-gnu/4.6/lto-wrapper
Target: x86_64-linux-gnu
Configured with: ../src/configure -v --with-pkgversion='Ubuntu/Linaro 4.6.3-1ubuntu5' --with-bugurl=file:///usr/share/doc/gcc-4.6/README.Bugs --enable-languages=c,c++,fortran,objc,obj-c++ --prefix=/usr --program-suffix=-4.6 --enable-shared --enable-linker-build-id --with-system-zlib --libexecdir=/usr/lib --without-included-gettext --enable-threads=posix --with-gxx-include-dir=/usr/include/c++/4.6 --libdir=/usr/lib --enable-nls --with-sysroot=/ --enable-clocale=gnu --enable-libstdcxx-debug --enable-libstdcxx-time=yes --enable-gnu-unique-object --enable-plugin --enable-objc-gc --disable-werror --with-arch-32=i686 --with-tune=generic --enable-checking=release --build=x86_64-linux-gnu --host=x86_64-linux-gnu --target=x86_64-linux-gnu
Thread model: posix
gcc version 4.6.3 (Ubuntu/Linaro 4.6.3-1ubuntu5) 
configure:11649: $? = 0
configure:11638: g++ -V >&5
g++: error: unrecognized option '-V'
g++: fatal error: no input files
compilation terminated.
configure:11649: $? = 4
configure:11638: g++ -qversion >&5
g++: error: unrecognized option '-qversion'
g++: fatal error: no input files
compilation terminated.
configure:11649: $? = 4
configure:11653: checking whether we are using the GNU C++ compiler
configure:11672: g++ -c   conftest.cpp >&5
configure:11672: $? = 0
configure:11681: result: yes
configure:11690: checking whether g++ accepts -g
configure:11710: g++ -c -g  conftest.cpp >&5
configure:11710: $? = 0
configure:11751: result: yes
configure:11776: checking dependency style of g++
configure:11887: result: gcc3
configure:11920: checking how to run the C++ preprocessor
configure:11947: g++ -E  conftest.cpp
configure:11947: $? = 0
configure:11961: g++ -E  conftest.cpp
conftest.cpp:23:28: fatal error: ac_nonexistent.h: No such file or directory
compilation terminated.
configure:11961: $? = 1
configure: failed program was:
| /* confdefs.h */
| #define PACKAGE_NAME "php-tesseract"
| #define PACKAGE_TARNAME "php-tesseract"
| #define PACKAGE_VERSION "0.3"
| #define PACKAGE_STRING "php-tesseract 0.3"
| #define PACKAGE_BUGREPORT "freetogo@gmail.com"
| #define PACKAGE_URL ""
| #define PACKAGE "php-tesseract"
| #define VERSION "0.3"
| #define STDC_HEADERS 1
| #define HAVE_SYS_TYPES_H 1
| #define HAVE_SYS_STAT_H 1
| #define HAVE_STDLIB_H 1
| #define HAVE_STRING_H 1
| #define HAVE_MEMORY_H 1
| #define HAVE_STRINGS_H 1
| #define HAVE_INTTYPES_H 1
| #define HAVE_STDINT_H 1
| #define HAVE_UNISTD_H 1
| #define HAVE_DLFCN_H 1
| #define LT_OBJDIR ".libs/"
| /* end confdefs.h.  */
| #include <ac_nonexistent.h>
configure:11986: result: g++ -E
configure:12006: g++ -E  conftest.cpp
configure:12006: $? = 0
configure:12020: g++ -E  conftest.cpp
conftest.cpp:23:28: fatal error: ac_nonexistent.h: No such file or directory
compilation terminated.
configure:12020: $? = 1
configure: failed program was:
| /* confdefs.h */
| #define PACKAGE_NAME "php-tesseract"
| #define PACKAGE_TARNAME "php-tesseract"
| #define PACKAGE_VERSION "0.3"
| #define PACKAGE_STRING "php-tesseract 0.3"
| #define PACKAGE_BUGREPORT "freetogo@gmail.com"
| #define PACKAGE_URL ""
| #define PACKAGE "php-tesseract"
| #define VERSION "0.3"
| #define STDC_HEADERS 1
| #define HAVE_SYS_TYPES_H 1
| #define HAVE_SYS_STAT_H 1
| #define HAVE_STDLIB_H 1
| #define HAVE_STRING_H 1
| #define HAVE_MEMORY_H 1
| #define HAVE_STRINGS_H 1
| #define HAVE_INTTYPES_H 1
| #define HAVE_STDINT_H 1
| #define HAVE_UNISTD_H 1
| #define HAVE_DLFCN_H 1
| #define LT_OBJDIR ".libs/"
| /* end confdefs.h.  */
| #include <ac_nonexistent.h>
configure:12189: checking for ld used by g++
configure:12256: result: /usr/bin/ld -m elf_x86_64
configure:12263: checking if the linker (/usr/bin/ld -m elf_x86_64) is GNU ld
configure:12278: result: yes
configure:12333: checking whether the g++ linker (/usr/bin/ld -m elf_x86_64) supports shared libraries
configure:13338: result: yes
configure:13374: g++ -c -g -O2  conftest.cpp >&5
configure:13377: $? = 0
configure:13897: checking for g++ option to produce PIC
configure:13904: result: -fPIC -DPIC
configure:13912: checking if g++ PIC flag -fPIC -DPIC works
configure:13930: g++ -c -g -O2  -fPIC -DPIC -DPIC conftest.cpp >&5
configure:13934: $? = 0
configure:13947: result: yes
configure:13970: checking if g++ static flag -static works
configure:13998: result: yes
configure:14010: checking if g++ supports -c -o file.o
configure:14031: g++ -c -g -O2  -o out/conftest2.o conftest.cpp >&5
configure:14035: $? = 0
configure:14057: result: yes
configure:14062: checking if g++ supports -c -o file.o
configure:14109: result: yes
configure:14139: checking whether the g++ linker (/usr/bin/ld -m elf_x86_64) supports shared libraries
configure:14178: result: yes
configure:14319: checking dynamic linker characteristics
configure:14998: result: GNU/Linux ld.so
configure:15051: checking how to hardcode library paths into programs
configure:15076: result: immediate
configure:15120: checking for gawk
configure:15147: result: mawk
configure:15206: checking for gcc
configure:15233: result: gcc
configure:15462: checking for C compiler version
configure:15471: gcc --version >&5
gcc (Ubuntu/Linaro 4.6.3-1ubuntu5) 4.6.3
Copyright (C) 2011 Free Software Foundation, Inc.
This is free software; see the source for copying conditions.  There is NO
warranty; not even for MERCHANTABILITY or FITNESS FOR A PARTICULAR PURPOSE.

configure:15482: $? = 0
configure:15471: gcc -v >&5
Using built-in specs.
COLLECT_GCC=gcc
COLLECT_LTO_WRAPPER=/usr/lib/gcc/x86_64-linux-gnu/4.6/lto-wrapper
Target: x86_64-linux-gnu
Configured with: ../src/configure -v --with-pkgversion='Ubuntu/Linaro 4.6.3-1ubuntu5' --with-bugurl=file:///usr/share/doc/gcc-4.6/README.Bugs --enable-languages=c,c++,fortran,objc,obj-c++ --prefix=/usr --program-suffix=-4.6 --enable-shared --enable-linker-build-id --with-system-zlib --libexecdir=/usr/lib --without-included-gettext --enable-threads=posix --with-gxx-include-dir=/usr/include/c++/4.6 --libdir=/usr/lib --enable-nls --with-sysroot=/ --enable-clocale=gnu --enable-libstdcxx-debug --enable-libstdcxx-time=yes --enable-gnu-unique-object --enable-plugin --enable-objc-gc --disable-werror --with-arch-32=i686 --with-tune=generic --enable-checking=release --build=x86_64-linux-gnu --host=x86_64-linux-gnu --target=x86_64-linux-gnu
Thread model: posix
gcc version 4.6.3 (Ubuntu/Linaro 4.6.3-1ubuntu5) 
configure:15482: $? = 0
configure:15471: gcc -V >&5
gcc: error: unrecognized option '-V'
gcc: fatal error: no input files
compilation terminated.
configure:15482: $? = 4
configure:15471: gcc -qversion >&5
gcc: error: unrecognized option '-qversion'
gcc: fatal error: no input files
compilation terminated.
configure:15482: $? = 4
configure:15486: checking whether we are using the GNU C compiler
configure:15514: result: yes
configure:15523: checking whether gcc accepts -g
configure:15584: result: yes
configure:15601: checking for gcc option to accept ISO C89
configure:15678: result: none needed
configure:15700: checking dependency style of gcc
configure:15811: result: gcc3
configure:15831: checking how to run the C preprocessor
configure:15901: result: gcc -E
configure:15921: gcc -E  conftest.c
configure:15921: $? = 0
configure:15935: gcc -E  conftest.c
conftest.c:23:28: fatal error: ac_nonexistent.h: No such file or directory
compilation terminated.
configure:15935: $? = 1
configure: failed program was:
| /* confdefs.h */
| #define PACKAGE_NAME "php-tesseract"
| #define PACKAGE_TARNAME "php-tesseract"
| #define PACKAGE_VERSION "0.3"
| #define PACKAGE_STRING "php-tesseract 0.3"
| #define PACKAGE_BUGREPORT "freetogo@gmail.com"
| #define PACKAGE_URL ""
| #define PACKAGE "php-tesseract"
| #define VERSION "0.3"
| #define STDC_HEADERS 1
| #define HAVE_SYS_TYPES_H 1
| #define HAVE_SYS_STAT_H 1
| #define HAVE_STDLIB_H 1
| #define HAVE_STRING_H 1
| #define HAVE_MEMORY_H 1
| #define HAVE_STRINGS_H 1
| #define HAVE_INTTYPES_H 1
| #define HAVE_STDINT_H 1
| #define HAVE_UNISTD_H 1
| #define HAVE_DLFCN_H 1
| #define LT_OBJDIR ".libs/"
| /* end confdefs.h.  */
| #include <ac_nonexistent.h>
configure:15964: checking whether ln -s works
configure:15968: result: yes
configure:15975: checking whether make sets $(MAKE)
configure:15997: result: yes
configure:16009: checking for main in -llept
configure:16028: gcc -o conftest -g -O2   conftest.c -llept   >&5
configure:16028: $? = 0
configure:16037: result: yes
configure:16049: checking for main in -lopencv_core
configure:16068: gcc -o conftest -g -O2   conftest.c -lopencv_core  -llept  >&5
configure:16068: $? = 0
configure:16077: result: yes
configure:16089: checking for main in -ltesseract
configure:16108: gcc -o conftest -g -O2   conftest.c -ltesseract  -lopencv_core -llept  >&5
configure:16108: $? = 0
configure:16117: result: yes
configure:16133: checking arpa/inet.h usability
configure:16133: gcc -c -g -O2  conftest.c >&5
configure:16133: $? = 0
configure:16133: result: yes
configure:16133: checking arpa/inet.h presence
configure:16133: gcc -E  conftest.c
configure:16133: $? = 0
configure:16133: result: yes
configure:16133: checking for arpa/inet.h
configure:16133: result: yes
configure:16133: checking fcntl.h usability
configure:16133: gcc -c -g -O2  conftest.c >&5
configure:16133: $? = 0
configure:16133: result: yes
configure:16133: checking fcntl.h presence
configure:16133: gcc -E  conftest.c
configure:16133: $? = 0
configure:16133: result: yes
configure:16133: checking for fcntl.h
configure:16133: result: yes
configure:16133: checking for inttypes.h
configure:16133: result: yes
configure:16133: checking libintl.h usability
configure:16133: gcc -c -g -O2  conftest.c >&5
configure:16133: $? = 0
configure:16133: result: yes
configure:16133: checking libintl.h presence
configure:16133: gcc -E  conftest.c
configure:16133: $? = 0
configure:16133: result: yes
configure:16133: checking for libintl.h
configure:16133: result: yes
configure:16133: checking limits.h usability
configure:16133: gcc -c -g -O2  conftest.c >&5
configure:16133: $? = 0
configure:16133: result: yes
configure:16133: checking limits.h presence
configure:16133: gcc -E  conftest.c
configure:16133: $? = 0
configure:16133: result: yes
configure:16133: checking for limits.h
configure:16133: result: yes
configure:16133: checking locale.h usability
configure:16133: gcc -c -g -O2  conftest.c >&5
configure:16133: $? = 0
configure:16133: result: yes
configure:16133: checking locale.h presence
configure:16133: gcc -E  conftest.c
configure:16133: $? = 0
configure:16133: result: yes
configure:16133: checking for locale.h
configure:16133: result: yes
configure:16133: checking netdb.h usability
configure:16133: gcc -c -g -O2  conftest.c >&5
configure:16133: $? = 0
configure:16133: result: yes
configure:16133: checking netdb.h presence
configure:16133: gcc -E  conftest.c
configure:16133: $? = 0
configure:16133: result: yes
configure:16133: checking for netdb.h
configure:16133: result: yes
configure:16133: checking netinet/in.h usability
configure:16133: gcc -c -g -O2  conftest.c >&5
configure:16133: $? = 0
configure:16133: result: yes
configure:16133: checking netinet/in.h presence
configure:16133: gcc -E  conftest.c
configure:16133: $? = 0
configure:16133: result: yes
configure:16133: checking for netinet/in.h
configure:16133: result: yes
configure:16133: checking for stdint.h
configure:16133: result: yes
configure:16133: checking for stdlib.h
configure:16133: result: yes
configure:16133: checking for string.h
configure:16133: result: yes
configure:16133: checking sys/socket.h usability
configure:16133: gcc -c -g -O2  conftest.c >&5
configure:16133: $? = 0
configure:16133: result: yes
configure:16133: checking sys/socket.h presence
configure:16133: gcc -E  conftest.c
configure:16133: $? = 0
configure:16133: result: yes
configure:16133: checking for sys/socket.h
configure:16133: result: yes
configure:16133: checking sys/time.h usability
configure:16133: gcc -c -g -O2  conftest.c >&5
configure:16133: $? = 0
configure:16133: result: yes
configure:16133: checking sys/time.h presence
configure:16133: gcc -E  conftest.c
configure:16133: $? = 0
configure:16133: result: yes
configure:16133: checking for sys/time.h
configure:16133: result: yes
configure:16133: checking syslog.h usability
configure:16133: gcc -c -g -O2  conftest.c >&5
configure:16133: $? = 0
configure:16133: result: yes
configure:16133: checking syslog.h presence
configure:16133: gcc -E  conftest.c
configure:16133: $? = 0
configure:16133: result: yes
configure:16133: checking for syslog.h
configure:16133: result: yes
configure:16133: checking for unistd.h
configure:16133: result: yes
configure:16146: checking for stdbool.h that conforms to C99
configure:16213: gcc -c -g -O2  conftest.c >&5
configure:16213: $? = 0
configure:16220: result: yes
configure:16222: checking for _Bool
configure:16222: gcc -c -g -O2  conftest.c >&5
configure:16222: $? = 0
configure:16222: gcc -c -g -O2  conftest.c >&5
conftest.c: In function 'main':
conftest.c:77:20: error: expected expression before ')' token
configure:16222: $? = 1
configure: failed program was:
| /* confdefs.h */
| #define PACKAGE_NAME "php-tesseract"
| #define PACKAGE_TARNAME "php-tesseract"
| #define PACKAGE_VERSION "0.3"
| #define PACKAGE_STRING "php-tesseract 0.3"
| #define PACKAGE_BUGREPORT "freetogo@gmail.com"
| #define PACKAGE_URL ""
| #define PACKAGE "php-tesseract"
| #define VERSION "0.3"
| #define STDC_HEADERS 1
| #define HAVE_SYS_TYPES_H 1
| #define HAVE_SYS_STAT_H 1
| #define HAVE_STDLIB_H 1
| #define HAVE_STRING_H 1
| #define HAVE_MEMORY_H 1
| #define HAVE_STRINGS_H 1
| #define HAVE_INTTYPES_H 1
| #define HAVE_STDINT_H 1
| #define HAVE_UNISTD_H 1
| #define HAVE_DLFCN_H 1
| #define LT_OBJDIR ".libs/"
| #define HAVE_LIBLEPT 1
| #define HAVE_LIBOPENCV_CORE 1
| #define HAVE_LIBTESSERACT 1
| #define HAVE_ARPA_INET_H 1
| #define HAVE_FCNTL_H 1
| #define HAVE_INTTYPES_H 1
| #define HAVE_LIBINTL_H 1
| #define HAVE_LIMITS_H 1
| #define HAVE_LOCALE_H 1
| #define HAVE_NETDB_H 1
| #define HAVE_NETINET_IN_H 1
| #define HAVE_STDINT_H 1
| #define HAVE_STDLIB_H 1
| #define HAVE_STRING_H 1
| #define HAVE_SYS_SOCKET_H 1
| #define HAVE_SYS_TIME_H 1
| #define HAVE_SYSLOG_H 1
| #define HAVE_UNISTD_H 1
| /* end confdefs.h.  */
| #include <stdio.h>
| #ifdef HAVE_SYS_TYPES_H
| # include <sys/types.h>
| #endif
| #ifdef HAVE_SYS_STAT_H
| # include <sys/stat.h>
| #endif
| #ifdef STDC_HEADERS
| # include <stdlib.h>
| # include <stddef.h>
| #else
| # ifdef HAVE_STDLIB_H
| #  include <stdlib.h>
| # endif
| #endif
| #ifdef HAVE_STRING_H
| # if !defined STDC_HEADERS && defined HAVE_MEMORY_H
| #  include <memory.h>
| # endif
| # include <string.h>
| #endif
| #ifdef HAVE_STRINGS_H
| # include <strings.h>
| #endif
| #ifdef HAVE_INTTYPES_H
| # include <inttypes.h>
| #endif
| #ifdef HAVE_STDINT_H
| # include <stdint.h>
| #endif
| #ifdef HAVE_UNISTD_H
| # include <unistd.h>
| #endif
| int
| main ()
| {
| if (sizeof ((_Bool)))
| 	    return 0;
|   ;
|   return 0;
| }
configure:16222: result: yes
configure:16238: checking for C/C++ restrict keyword
configure:16263: gcc -c -g -O2  conftest.c >&5
configure:16263: $? = 0
configure:16271: result: __restrict
configure:16284: checking for size_t
configure:16284: gcc -c -g -O2  conftest.c >&5
configure:16284: $? = 0
configure:16284: gcc -c -g -O2  conftest.c >&5
conftest.c: In function 'main':
conftest.c:80:21: error: expected expression before ')' token
configure:16284: $? = 1
configure: failed program was:
| /* confdefs.h */
| #define PACKAGE_NAME "php-tesseract"
| #define PACKAGE_TARNAME "php-tesseract"
| #define PACKAGE_VERSION "0.3"
| #define PACKAGE_STRING "php-tesseract 0.3"
| #define PACKAGE_BUGREPORT "freetogo@gmail.com"
| #define PACKAGE_URL ""
| #define PACKAGE "php-tesseract"
| #define VERSION "0.3"
| #define STDC_HEADERS 1
| #define HAVE_SYS_TYPES_H 1
| #define HAVE_SYS_STAT_H 1
| #define HAVE_STDLIB_H 1
| #define HAVE_STRING_H 1
| #define HAVE_MEMORY_H 1
| #define HAVE_STRINGS_H 1
| #define HAVE_INTTYPES_H 1
| #define HAVE_STDINT_H 1
| #define HAVE_UNISTD_H 1
| #define HAVE_DLFCN_H 1
| #define LT_OBJDIR ".libs/"
| #define HAVE_LIBLEPT 1
| #define HAVE_LIBOPENCV_CORE 1
| #define HAVE_LIBTESSERACT 1
| #define HAVE_ARPA_INET_H 1
| #define HAVE_FCNTL_H 1
| #define HAVE_INTTYPES_H 1
| #define HAVE_LIBINTL_H 1
| #define HAVE_LIMITS_H 1
| #define HAVE_LOCALE_H 1
| #define HAVE_NETDB_H 1
| #define HAVE_NETINET_IN_H 1
| #define HAVE_STDINT_H 1
| #define HAVE_STDLIB_H 1
| #define HAVE_STRING_H 1
| #define HAVE_SYS_SOCKET_H 1
| #define HAVE_SYS_TIME_H 1
| #define HAVE_SYSLOG_H 1
| #define HAVE_UNISTD_H 1
| #define HAVE__BOOL 1
| #define HAVE_STDBOOL_H 1
| #define restrict __restrict
| /* end confdefs.h.  */
| #include <stdio.h>
| #ifdef HAVE_SYS_TYPES_H
| # include <sys/types.h>
| #endif
| #ifdef HAVE_SYS_STAT_H
| # include <sys/stat.h>
| #endif
| #ifdef STDC_HEADERS
| # include <stdlib.h>
| # include <stddef.h>
| #else
| # ifdef HAVE_STDLIB_H
| #  include <stdlib.h>
| # endif
| #endif
| #ifdef HAVE_STRING_H
| # if !defined STDC_HEADERS && defined HAVE_MEMORY_H
| #  include <memory.h>
| # endif
| # include <string.h>
| #endif
| #ifdef HAVE_STRINGS_H
| # include <strings.h>
| #endif
| #ifdef HAVE_INTTYPES_H
| # include <inttypes.h>
| #endif
| #ifdef HAVE_STDINT_H
| # include <stdint.h>
| #endif
| #ifdef HAVE_UNISTD_H
| # include <unistd.h>
| #endif
| int
| main ()
| {
| if (sizeof ((size_t)))
| 	    return 0;
|   ;
|   return 0;
| }
configure:16284: result: yes
configure:16295: checking for uint16_t
configure:16295: gcc -c -g -O2  conftest.c >&5
configure:16295: $? = 0
configure:16295: result: yes
configure:16307: checking for uint32_t
configure:16307: gcc -c -g -O2  conftest.c >&5
configure:16307: $? = 0
configure:16307: result: yes
configure:16323: checking for error_at_line
configure:16339: gcc -o conftest -g -O2   conftest.c -ltesseract -lopencv_core -llept  >&5
configure:16339: $? = 0
configure:16347: result: yes
configure:16360: checking for stdlib.h
configure:16360: result: yes
configure:16370: checking for GNU libc compatible malloc
configure:16394: gcc -o conftest -g -O2   conftest.c -ltesseract -lopencv_core -llept  >&5
configure:16394: $? = 0
configure:16394: ./conftest
configure:16394: $? = 0
configure:16404: result: yes
configure:16428: checking for memset
configure:16428: gcc -o conftest -g -O2   conftest.c -ltesseract -lopencv_core -llept  >&5
conftest.c:69:6: warning: conflicting types for built-in function 'memset' [enabled by default]
configure:16428: $? = 0
configure:16428: result: yes
configure:16428: checking for setlocale
configure:16428: gcc -o conftest -g -O2   conftest.c -ltesseract -lopencv_core -llept  >&5
configure:16428: $? = 0
configure:16428: result: yes
configure:16428: checking for strdup
configure:16428: gcc -o conftest -g -O2   conftest.c -ltesseract -lopencv_core -llept  >&5
conftest.c:71:6: warning: conflicting types for built-in function 'strdup' [enabled by default]
configure:16428: $? = 0
configure:16428: result: yes
configure:16428: checking for strrchr
configure:16428: gcc -o conftest -g -O2   conftest.c -ltesseract -lopencv_core -llept  >&5
conftest.c:72:6: warning: conflicting types for built-in function 'strrchr' [enabled by default]
configure:16428: $? = 0
configure:16428: result: yes
configure:16447: checking for php-config
configure:16465: found /usr/bin/php-config
configure:16477: result: /usr/bin/php-config
configure:16653: creating ./config.status

## ---------------- ##
## Cache variables. ##
## ---------------- ##

ac_cv_build=x86_64-unknown-linux-gnu
ac_cv_c_compiler_gnu=yes
ac_cv_c_restrict=__restrict
ac_cv_c_uint16_t=yes
ac_cv_c_uint32_t=yes
ac_cv_cxx_compiler_gnu=yes
ac_cv_env_CCC_set=
ac_cv_env_CCC_value=
ac_cv_env_CC_set=
ac_cv_env_CC_value=
ac_cv_env_CFLAGS_set=
ac_cv_env_CFLAGS_value=
ac_cv_env_CPPFLAGS_set=
ac_cv_env_CPPFLAGS_value=
ac_cv_env_CPP_set=
ac_cv_env_CPP_value=
ac_cv_env_CXXCPP_set=
ac_cv_env_CXXCPP_value=
ac_cv_env_CXXFLAGS_set=
ac_cv_env_CXXFLAGS_value=
ac_cv_env_CXX_set=
ac_cv_env_CXX_value=
ac_cv_env_LDFLAGS_set=
ac_cv_env_LDFLAGS_value=
ac_cv_env_LIBS_set=
ac_cv_env_LIBS_value=
ac_cv_env_build_alias_set=
ac_cv_env_build_alias_value=
ac_cv_env_host_alias_set=
ac_cv_env_host_alias_value=
ac_cv_env_target_alias_set=
ac_cv_env_target_alias_value=
ac_cv_func_dlopen=no
ac_cv_func_malloc_0_nonnull=yes
ac_cv_func_memset=yes
ac_cv_func_setlocale=yes
ac_cv_func_shl_load=no
ac_cv_func_strdup=yes
ac_cv_func_strrchr=yes
ac_cv_header_arpa_inet_h=yes
ac_cv_header_dlfcn_h=yes
ac_cv_header_fcntl_h=yes
ac_cv_header_inttypes_h=yes
ac_cv_header_libintl_h=yes
ac_cv_header_limits_h=yes
ac_cv_header_locale_h=yes
ac_cv_header_memory_h=yes
ac_cv_header_netdb_h=yes
ac_cv_header_netinet_in_h=yes
ac_cv_header_stdbool_h=yes
ac_cv_header_stdc=yes
ac_cv_header_stdint_h=yes
ac_cv_header_stdlib_h=yes
ac_cv_header_string_h=yes
ac_cv_header_strings_h=yes
ac_cv_header_sys_socket_h=yes
ac_cv_header_sys_stat_h=yes
ac_cv_header_sys_time_h=yes
ac_cv_header_sys_types_h=yes
ac_cv_header_syslog_h=yes
ac_cv_header_unistd_h=yes
ac_cv_host=x86_64-unknown-linux-gnu
ac_cv_lib_dl_dlopen=yes
ac_cv_lib_dld_shl_load=no
ac_cv_lib_error_at_line=yes
ac_cv_lib_lept_main=yes
ac_cv_lib_opencv_core_main=yes
ac_cv_lib_tesseract_main=yes
ac_cv_objext=o
ac_cv_path_EGREP='/bin/grep -E'
ac_cv_path_FGREP='/bin/grep -F'
ac_cv_path_GREP=/bin/grep
ac_cv_path_PHPCONFIG=/usr/bin/php-config
ac_cv_path_SED=/bin/sed
ac_cv_path_install='/usr/bin/install -c'
ac_cv_path_mkdir=/bin/mkdir
ac_cv_prog_AWK=mawk
ac_cv_prog_CPP='gcc -E'
ac_cv_prog_CXXCPP='g++ -E'
ac_cv_prog_ac_ct_AR=ar
ac_cv_prog_ac_ct_CC=gcc
ac_cv_prog_ac_ct_CXX=g++
ac_cv_prog_ac_ct_MANIFEST_TOOL=mt
ac_cv_prog_ac_ct_OBJDUMP=objdump
ac_cv_prog_ac_ct_RANLIB=ranlib
ac_cv_prog_ac_ct_STRIP=strip
ac_cv_prog_cc_c89=
ac_cv_prog_cc_g=yes
ac_cv_prog_cxx_g=yes
ac_cv_prog_make_make_set=yes
ac_cv_type__Bool=yes
ac_cv_type_size_t=yes
am_cv_CC_dependencies_compiler_type=gcc3
am_cv_CXX_dependencies_compiler_type=gcc3
lt_cv_ar_at_file=@
lt_cv_archive_cmds_need_lc=no
lt_cv_deplibs_check_method=pass_all
lt_cv_dlopen=dlopen
lt_cv_dlopen_libs=-ldl
lt_cv_dlopen_self=yes
lt_cv_dlopen_self_static=no
lt_cv_file_magic_cmd='$MAGIC_CMD'
lt_cv_file_magic_test_file=
lt_cv_ld_reload_flag=-r
lt_cv_nm_interface='BSD nm'
lt_cv_objdir=.libs
lt_cv_path_LD=/usr/bin/ld
lt_cv_path_LDCXX='/usr/bin/ld -m elf_x86_64'
lt_cv_path_NM='/usr/bin/nm -B'
lt_cv_path_mainfest_tool=no
lt_cv_prog_compiler_c_o=yes
lt_cv_prog_compiler_c_o_CXX=yes
lt_cv_prog_compiler_pic='-fPIC -DPIC'
lt_cv_prog_compiler_pic_CXX='-fPIC -DPIC'
lt_cv_prog_compiler_pic_works=yes
lt_cv_prog_compiler_pic_works_CXX=yes
lt_cv_prog_compiler_rtti_exceptions=no
lt_cv_prog_compiler_static_works=yes
lt_cv_prog_compiler_static_works_CXX=yes
lt_cv_prog_gnu_ld=yes
lt_cv_prog_gnu_ldcxx=yes
lt_cv_sharedlib_from_linklib_cmd='printf %s\n'
lt_cv_shlibpath_overrides_runpath=no
lt_cv_sys_global_symbol_pipe='sed -n -e '\''s/^.*[	 ]\([ABCDGIRSTW][ABCDGIRSTW]*\)[	 ][	 ]*\([_A-Za-z][_A-Za-z0-9]*\)$/\1 \2 \2/p'\'' | sed '\''/ __gnu_lto/d'\'''
lt_cv_sys_global_symbol_to_c_name_address='sed -n -e '\''s/^: \([^ ]*\)[ ]*$/  {\"\1\", (void *) 0},/p'\'' -e '\''s/^[ABCDGIRSTW]* \([^ ]*\) \([^ ]*\)$/  {"\2", (void *) \&\2},/p'\'''
lt_cv_sys_global_symbol_to_c_name_address_lib_prefix='sed -n -e '\''s/^: \([^ ]*\)[ ]*$/  {\"\1\", (void *) 0},/p'\'' -e '\''s/^[ABCDGIRSTW]* \([^ ]*\) \(lib[^ ]*\)$/  {"\2", (void *) \&\2},/p'\'' -e '\''s/^[ABCDGIRSTW]* \([^ ]*\) \([^ ]*\)$/  {"lib\2", (void *) \&\2},/p'\'''
lt_cv_sys_global_symbol_to_cdecl='sed -n -e '\''s/^T .* \(.*\)$/extern int \1();/p'\'' -e '\''s/^[ABCDGIRSTW]* .* \(.*\)$/extern char \1;/p'\'''
lt_cv_sys_max_cmd_len=3458764513820540925
lt_cv_to_host_file_cmd=func_convert_file_noop
lt_cv_to_tool_file_cmd=func_convert_file_noop

## ----------------- ##
## Output variables. ##
## ----------------- ##

ACLOCAL='${SHELL} /home/eli/svn/php-tesseract/missing --run aclocal-1.11'
AMDEPBACKSLASH='\'
AMDEP_FALSE='#'
AMDEP_TRUE=''
AMTAR='$${TAR-tar}'
AR='ar'
AUTOCONF='${SHELL} /home/eli/svn/php-tesseract/missing --run autoconf'
AUTOHEADER='${SHELL} /home/eli/svn/php-tesseract/missing --run autoheader'
AUTOMAKE='${SHELL} /home/eli/svn/php-tesseract/missing --run automake-1.11'
AWK='mawk'
CC='gcc'
CCDEPMODE='depmode=gcc3'
CFLAGS='-g -O2'
CPP='gcc -E'
CPPFLAGS=''
CXX='g++'
CXXCPP='g++ -E'
CXXDEPMODE='depmode=gcc3'
CXXFLAGS='-g -O2'
CYGPATH_W='echo'
DEFS='-DHAVE_CONFIG_H'
DEPDIR='.deps'
DLLTOOL='false'
DSYMUTIL=''
DUMPBIN=''
ECHO_C=''
ECHO_N='-n'
ECHO_T=''
EGREP='/bin/grep -E'
EXEEXT=''
FGREP='/bin/grep -F'
GREP='/bin/grep'
INSTALL_DATA='${INSTALL} -m 644'
INSTALL_PROGRAM='${INSTALL}'
INSTALL_SCRIPT='${INSTALL}'
INSTALL_STRIP_PROGRAM='$(install_sh) -c -s'
LD='/usr/bin/ld -m elf_x86_64'
LDFLAGS=''
LIBOBJS=''
LIBS='-ltesseract -lopencv_core -llept '
LIBTOOL='$(SHELL) $(top_builddir)/libtool'
LIPO=''
LN_S='ln -s'
LTLIBOBJS=''
MAKEINFO='${SHELL} /home/eli/svn/php-tesseract/missing --run makeinfo'
MANIFEST_TOOL=':'
MKDIR_P='/bin/mkdir -p'
NM='/usr/bin/nm -B'
NMEDIT=''
OBJDUMP='objdump'
OBJEXT='o'
OTOOL64=''
OTOOL=''
PACKAGE='php-tesseract'
PACKAGE_BUGREPORT='freetogo@gmail.com'
PACKAGE_NAME='php-tesseract'
PACKAGE_STRING='php-tesseract 0.3'
PACKAGE_TARNAME='php-tesseract'
PACKAGE_URL=''
PACKAGE_VERSION='0.3'
PATH_SEPARATOR=':'
PHPCONFIG='/usr/bin/php-config'
PHPCONFIGINCLUDES='-I/usr/include/php5 -I/usr/include/php5/main -I/usr/include/php5/TSRM -I/usr/include/php5/Zend -I/usr/include/php5/ext -I/usr/include/php5/ext/date/lib -I/usr/include/php/sapi/embed'
RANLIB='ranlib'
SED='/bin/sed'
SET_MAKE=''
SHELL='/bin/bash'
STRIP='strip'
VERSION='0.3'
ac_ct_AR='ar'
ac_ct_CC='gcc'
ac_ct_CXX='g++'
ac_ct_DUMPBIN=''
am__EXEEXT_FALSE=''
am__EXEEXT_TRUE='#'
am__fastdepCC_FALSE='#'
am__fastdepCC_TRUE=''
am__fastdepCXX_FALSE='#'
am__fastdepCXX_TRUE=''
am__include='include'
am__isrc=''
am__leading_dot='.'
am__nodep='_no'
am__quote=''
am__tar='$${TAR-tar} chof - "$$tardir"'
am__untar='$${TAR-tar} xf -'
bindir='${exec_prefix}/bin'
build='x86_64-unknown-linux-gnu'
build_alias=''
build_cpu='x86_64'
build_os='linux-gnu'
build_vendor='unknown'
datadir='${datarootdir}'
datarootdir='${prefix}/share'
docdir='${datarootdir}/doc/${PACKAGE_TARNAME}'
dvidir='${docdir}'
exec_prefix='${prefix}'
host='x86_64-unknown-linux-gnu'
host_alias=''
host_cpu='x86_64'
host_os='linux-gnu'
host_vendor='unknown'
htmldir='${docdir}'
includedir='${prefix}/include'
infodir='${datarootdir}/info'
install_sh='${SHELL} /home/eli/svn/php-tesseract/install-sh'
libdir='${exec_prefix}/lib'
libexecdir='${exec_prefix}/libexec'
localedir='${datarootdir}/locale'
localstatedir='${prefix}/var'
mandir='${datarootdir}/man'
mkdir_p='/bin/mkdir -p'
oldincludedir='/usr/include'
pdfdir='${docdir}'
prefix='/usr'
program_transform_name='s,x,x,'
psdir='${docdir}'
sbindir='${exec_prefix}/sbin'
sharedstatedir='${prefix}/com'
sysconfdir='${prefix}/etc'
target_alias=''

## ----------- ##
## confdefs.h. ##
## ----------- ##

/* confdefs.h */
#define PACKAGE_NAME "php-tesseract"
#define PACKAGE_TARNAME "php-tesseract"
#define PACKAGE_VERSION "0.3"
#define PACKAGE_STRING "php-tesseract 0.3"
#define PACKAGE_BUGREPORT "freetogo@gmail.com"
#define PACKAGE_URL ""
#define PACKAGE "php-tesseract"
#define VERSION "0.3"
#define STDC_HEADERS 1
#define HAVE_SYS_TYPES_H 1
#define HAVE_SYS_STAT_H 1
#define HAVE_STDLIB_H 1
#define HAVE_STRING_H 1
#define HAVE_MEMORY_H 1
#define HAVE_STRINGS_H 1
#define HAVE_INTTYPES_H 1
#define HAVE_STDINT_H 1
#define HAVE_UNISTD_H 1
#define HAVE_DLFCN_H 1
#define LT_OBJDIR ".libs/"
#define HAVE_LIBLEPT 1
#define HAVE_LIBOPENCV_CORE 1
#define HAVE_LIBTESSERACT 1
#define HAVE_ARPA_INET_H 1
#define HAVE_FCNTL_H 1
#define HAVE_INTTYPES_H 1
#define HAVE_LIBINTL_H 1
#define HAVE_LIMITS_H 1
#define HAVE_LOCALE_H 1
#define HAVE_NETDB_H 1
#define HAVE_NETINET_IN_H 1
#define HAVE_STDINT_H 1
#define HAVE_STDLIB_H 1
#define HAVE_STRING_H 1
#define HAVE_SYS_SOCKET_H 1
#define HAVE_SYS_TIME_H 1
#define HAVE_SYSLOG_H 1
#define HAVE_UNISTD_H 1
#define HAVE__BOOL 1
#define HAVE_STDBOOL_H 1
#define restrict __restrict
#define HAVE_STDLIB_H 1
#define HAVE_MALLOC 1
#define HAVE_MEMSET 1
#define HAVE_SETLOCALE 1
#define HAVE_STRDUP 1
#define HAVE_STRRCHR 1

configure: exit 0

## ---------------------- ##
## Running config.status. ##
## ---------------------- ##

This file was extended by php-tesseract config.status 0.3, which was
generated by GNU Autoconf 2.68.  Invocation command line was

  CONFIG_FILES    = 
  CONFIG_HEADERS  = 
  CONFIG_LINKS    = 
  CONFIG_COMMANDS = 
  $ ./config.status 

on eli-M90

config.status:1182: creating Makefile
config.status:1182: creating src/Makefile
config.status:1182: creating config.h
config.status:1411: executing depfiles commands
config.status:1411: executing libtool commands
